<?xml version="1.0" encoding="UTF-8"?>
<robot generator="Robot 4.1.2 (Python 3.9.7 on win32)" generated="20220107 12:30:00.613" rpa="false" schemaversion="2">
<suite id="s1" name="OptimizingKeywords" source="C:\Users\aazouagh\PycharmProjects\RobotFramework\Tests\OptimizingKeywords.robot">
<test id="s1-t1" name="Check Flush AEM">
<kw name="Create Dictionary" library="BuiltIn">
<var>${urls}</var>
<arg>ITT=http://aem-author-64-itt-private1.aws.dmpa-noprod.myengie.com:4502/libs/granite/core/content/login.html?resource=%2Fetc%2Freplication%2Fagents.author.html&amp;$$login$$=%24%24login%24%24&amp;j_reason=unknown&amp;j_reason_code=unknown</arg>
<arg>INT=http://aem-author-64-int-private1.aws.dmpa-noprod.myengie.com:4502/libs/granite/core/content/login.html?resource=%2Fetc%2Freplication%2Fagents.author.html&amp;$$login$$=%24%24login%24%24&amp;j_reason=unknown&amp;j_reason_code=unknown</arg>
<arg>ACC=http://aem-author-64-acc-private1.aws.dmpa-noprod.myengie.com:4502/libs/granite/core/content/login.html?resource=%2Fetc%2Freplication%2Fagents.author.html&amp;$$login$$=%24%24login%24%24&amp;j_reason=unknown&amp;j_reason_code=unknown</arg>
<arg>PreProd=http://aem-author-64-preprod-private1.aws.dmpa-noprod.myengie.com:4502/libs/granite/core/content/login.html?resource=%2Fetc%2Freplication%2Fagents.author.html&amp;$$login$$=%24%24login%24%24&amp;j_reason=unknown&amp;j_reason_code=unknown</arg>
<arg>Prod=http://aem-author-64-prod-private1.aws.dmpa.myengie.com:4502/libs/granite/core/content/login.html?resource=%2Fetc%2Freplication%2Fagents.author.html&amp;$$login$$=%24%24login%24%24&amp;j_reason=unknown&amp;j_reason_code=unknown</arg>
<doc>Creates and returns a dictionary based on the given ``items``.</doc>
<msg timestamp="20220107 12:30:01.040" level="INFO">${urls} = {'ITT': 'http://aem-author-64-itt-private1.aws.dmpa-noprod.myengie.com:4502/libs/granite/core/content/login.html?resource=%2Fetc%2Freplication%2Fagents.author.html&amp;$$login$$=%24%24login%24%24&amp;j_reason...</msg>
<status status="PASS" starttime="20220107 12:30:01.040" endtime="20220107 12:30:01.040"/>
</kw>
<for flavor="IN">
<var>${key}</var>
<value>@{urls.keys()}</value>
<iter>
<var name="${key}">ITT</var>
<kw name="Opening Browser">
<arg>${urls["${key}"]}</arg>
<doc>Opening Browser...</doc>
<kw name="Open Browser" library="Selenium2Library">
<arg>${key}</arg>
<arg>${BROWSER}</arg>
<doc>Opens a new browser instance to the optional ``url``.</doc>
<msg timestamp="20220107 12:30:01.043" level="INFO">Opening browser 'Firefox' to base url 'http://aem-author-64-itt-private1.aws.dmpa-noprod.myengie.com:4502/libs/granite/core/content/login.html?resource=%2Fetc%2Freplication%2Fagents.author.html&amp;$$login$$=%24%24login%24%24&amp;j_reason=unknown&amp;j_reason_code=unknown'.</msg>
<msg timestamp="20220107 12:30:01.049" level="INFO">Firefox driver log is always forced to to: C:\Users\aazouagh\PycharmProjects\RobotFramework\results\geckodriver-134.log</msg>
<status status="PASS" starttime="20220107 12:30:01.043" endtime="20220107 12:30:09.809"/>
</kw>
<kw name="Maximize Browser Window" library="Selenium2Library">
<doc>Maximizes current browser window.</doc>
<status status="PASS" starttime="20220107 12:30:09.810" endtime="20220107 12:30:10.085"/>
</kw>
<status status="PASS" starttime="20220107 12:30:01.042" endtime="20220107 12:30:10.087"/>
</kw>
<kw name="Authenticating">
<doc>Authenticating...</doc>
<kw name="Input Text" library="Selenium2Library">
<arg>username</arg>
<arg>${VALID USER}</arg>
<doc>Types the given ``text`` into the text field identified by ``locator``.</doc>
<msg timestamp="20220107 12:30:10.089" level="INFO">Typing text 'Fennil' into text field 'username'.</msg>
<status status="PASS" starttime="20220107 12:30:10.089" endtime="20220107 12:30:10.139"/>
</kw>
<kw name="Input Password" library="Selenium2Library">
<arg>password</arg>
<arg>${VALID PASSWORD}</arg>
<doc>Types the given password into the text field identified by ``locator``.</doc>
<msg timestamp="20220107 12:30:10.139" level="INFO">Typing password into text field 'password'.</msg>
<msg timestamp="20220107 12:30:10.147" level="INFO">Temporally setting log level to: NONE</msg>
<msg timestamp="20220107 12:30:10.165" level="INFO">Log level changed from NONE to INFO.</msg>
<status status="PASS" starttime="20220107 12:30:10.139" endtime="20220107 12:30:10.165"/>
</kw>
<kw name="Click Button" library="Selenium2Library">
<arg>submit-button</arg>
<doc>Clicks the button identified by ``locator``.</doc>
<msg timestamp="20220107 12:30:10.165" level="INFO">Clicking button 'submit-button'.</msg>
<status status="PASS" starttime="20220107 12:30:10.165" endtime="20220107 12:30:13.395"/>
</kw>
<kw name="Wait Until Page Contains" library="Selenium2Library">
<arg>Agent</arg>
<doc>Waits until ``text`` appears on the current page.</doc>
<status status="PASS" starttime="20220107 12:30:13.396" endtime="20220107 12:30:13.429"/>
</kw>
<status status="PASS" starttime="20220107 12:30:10.088" endtime="20220107 12:30:13.429"/>
</kw>
<kw name="Verifying Agents">
<arg>${key}</arg>
<doc>Verifying Agents...</doc>
<kw name="Get Element Count" library="Selenium2Library">
<var>${count}</var>
<arg>//strong[contains(text(), 'pending')]</arg>
<doc>Returns the number of elements matching ``locator``.</doc>
<msg timestamp="20220107 12:30:13.437" level="INFO">${count} = 0</msg>
<status status="PASS" starttime="20220107 12:30:13.430" endtime="20220107 12:30:13.437"/>
</kw>
<if>
<branch type="IF" condition="&quot;${count}&quot; &gt; &quot;0&quot;">
<kw name="Log To Console" library="BuiltIn">
<arg>\n Il y a ${count} agent(s) en état blocked/pending sur ${key}.</arg>
<doc>Logs the given message to the console.</doc>
<status status="NOT RUN" starttime="20220107 12:30:13.437" endtime="20220107 12:30:13.437"/>
</kw>
<for flavor="IN RANGE">
<var>${INDEX}</var>
<value>${count}+1</value>
<iter>
<var name="${INDEX}">${INDEX}</var>
<kw name="Continue For Loop If" library="BuiltIn">
<arg>'${INDEX}' == "0"</arg>
<doc>Skips the current for loop iteration if the ``condition`` is true.</doc>
<status status="NOT RUN" starttime="20220107 12:30:13.438" endtime="20220107 12:30:13.438"/>
</kw>
<kw name="Run Keyword And Return Status" library="BuiltIn">
<var>${status}</var>
<arg>element should be visible</arg>
<arg>(//strong[contains(text(), 'pending')])[${INDEX}]//ancestor::ul</arg>
<doc>Runs the given keyword with given arguments and returns the status as a Boolean value.</doc>
<status status="NOT RUN" starttime="20220107 12:30:13.438" endtime="20220107 12:30:13.438"/>
</kw>
<kw name="Set Screenshot Directory" library="Selenium2Library">
<arg>C:\\Users\\aazouagh\\PycharmProjects\\RobotFramework\\Tests${/}..${/}Screenshots</arg>
<doc>Sets the directory for captured screenshots.</doc>
<status status="NOT RUN" starttime="20220107 12:30:13.438" endtime="20220107 12:30:13.438"/>
</kw>
<kw name="Run Keyword If" library="BuiltIn">
<arg>${status}</arg>
<arg>capture element screenshot</arg>
<arg>(//strong[contains(text(), 'pending')])[${INDEX}]//ancestor::ul</arg>
<arg>filename=Erreur-${key}-${INDEX}.png</arg>
<doc>Runs the given keyword with the given arguments, if ``condition`` is true.</doc>
<status status="NOT RUN" starttime="20220107 12:30:13.439" endtime="20220107 12:30:13.439"/>
</kw>
<status status="NOT RUN" starttime="20220107 12:30:13.438" endtime="20220107 12:30:13.439"/>
</iter>
<status status="NOT RUN" starttime="20220107 12:30:13.438" endtime="20220107 12:30:13.439"/>
</for>
<kw name="Create List" library="BuiltIn">
<var>@{ATTACHMENTS}</var>
<doc>Returns a list containing given items.</doc>
<status status="NOT RUN" starttime="20220107 12:30:13.439" endtime="20220107 12:30:13.439"/>
</kw>
<for flavor="IN RANGE">
<var>${i}</var>
<value>${count}+1</value>
<iter>
<var name="${i}">${i}</var>
<kw name="Continue For Loop If" library="BuiltIn">
<arg>'${i}' == "0"</arg>
<doc>Skips the current for loop iteration if the ``condition`` is true.</doc>
<status status="NOT RUN" starttime="20220107 12:30:13.439" endtime="20220107 12:30:13.439"/>
</kw>
<kw name="Append To List" library="Collections">
<arg>${ATTACHMENTS}</arg>
<arg>C:\\Users\\aazouagh\\PycharmProjects\\RobotFramework\\Tests${/}..${/}Screenshots${/}Erreur-${key}-${i}.png</arg>
<doc>Adds ``values`` to the end of ``list``.</doc>
<status status="NOT RUN" starttime="20220107 12:30:13.439" endtime="20220107 12:30:13.440"/>
</kw>
<status status="NOT RUN" starttime="20220107 12:30:13.439" endtime="20220107 12:30:13.440"/>
</iter>
<status status="NOT RUN" starttime="20220107 12:30:13.439" endtime="20220107 12:30:13.440"/>
</for>
<kw name="Authorize" library="RPA.Email.ImapSmtp">
<arg>account=${USERNAME}</arg>
<arg>password=${PASSWORD}</arg>
<doc>Authorize user to SMTP and IMAP servers.</doc>
<msg timestamp="20220107 12:30:13.440" level="INFO">Protecting keyword: RPA.Email.ImapSmtp.Authorize</msg>
<msg timestamp="20220107 12:30:13.440" level="INFO">Log level changed from NONE to INFO.</msg>
<status status="NOT RUN" starttime="20220107 12:30:13.440" endtime="20220107 12:30:13.440"/>
</kw>
<kw name="Send Message" library="RPA.Email.ImapSmtp">
<arg>sender=${USERNAME}</arg>
<arg>recipients=${RECIPIENTS}</arg>
<arg>subject=Problème Check Flush AEM sur ${key}</arg>
<arg>body=Bonjour,\n\nOn tient à vous informer qu’on a détecté ${count} traitement(s) en états Blocked/Pending.\n\nMerci de voir les PJs.</arg>
<arg>attachments=@{ATTACHMENTS}</arg>
<doc>Send SMTP email</doc>
<status status="NOT RUN" starttime="20220107 12:30:13.440" endtime="20220107 12:30:13.441"/>
</kw>
<status status="NOT RUN" starttime="20220107 12:30:13.437" endtime="20220107 12:30:13.441"/>
</branch>
<status status="PASS" starttime="20220107 12:30:13.437" endtime="20220107 12:30:13.441"/>
</if>
<kw name="Close Browser" library="Selenium2Library">
<doc>Closes the current browser.</doc>
<status status="PASS" starttime="20220107 12:30:13.441" endtime="20220107 12:30:14.370"/>
</kw>
<status status="PASS" starttime="20220107 12:30:13.429" endtime="20220107 12:30:14.370"/>
</kw>
<status status="PASS" starttime="20220107 12:30:01.042" endtime="20220107 12:30:14.370"/>
</iter>
<iter>
<var name="${key}">INT</var>
<kw name="Opening Browser">
<arg>${urls["${key}"]}</arg>
<doc>Opening Browser...</doc>
<kw name="Open Browser" library="Selenium2Library">
<arg>${key}</arg>
<arg>${BROWSER}</arg>
<doc>Opens a new browser instance to the optional ``url``.</doc>
<msg timestamp="20220107 12:30:14.374" level="INFO">Opening browser 'Firefox' to base url 'http://aem-author-64-int-private1.aws.dmpa-noprod.myengie.com:4502/libs/granite/core/content/login.html?resource=%2Fetc%2Freplication%2Fagents.author.html&amp;$$login$$=%24%24login%24%24&amp;j_reason=unknown&amp;j_reason_code=unknown'.</msg>
<msg timestamp="20220107 12:30:14.381" level="INFO">Firefox driver log is always forced to to: C:\Users\aazouagh\PycharmProjects\RobotFramework\results\geckodriver-135.log</msg>
<status status="PASS" starttime="20220107 12:30:14.374" endtime="20220107 12:30:21.652"/>
</kw>
<kw name="Maximize Browser Window" library="Selenium2Library">
<doc>Maximizes current browser window.</doc>
<status status="PASS" starttime="20220107 12:30:21.653" endtime="20220107 12:30:21.931"/>
</kw>
<status status="PASS" starttime="20220107 12:30:14.371" endtime="20220107 12:30:21.931"/>
</kw>
<kw name="Authenticating">
<doc>Authenticating...</doc>
<kw name="Input Text" library="Selenium2Library">
<arg>username</arg>
<arg>${VALID USER}</arg>
<doc>Types the given ``text`` into the text field identified by ``locator``.</doc>
<msg timestamp="20220107 12:30:21.933" level="INFO">Typing text 'Fennil' into text field 'username'.</msg>
<status status="PASS" starttime="20220107 12:30:21.932" endtime="20220107 12:30:21.975"/>
</kw>
<kw name="Input Password" library="Selenium2Library">
<arg>password</arg>
<arg>${VALID PASSWORD}</arg>
<doc>Types the given password into the text field identified by ``locator``.</doc>
<msg timestamp="20220107 12:30:21.976" level="INFO">Typing password into text field 'password'.</msg>
<msg timestamp="20220107 12:30:21.987" level="INFO">Temporally setting log level to: NONE</msg>
<msg timestamp="20220107 12:30:22.004" level="INFO">Log level changed from NONE to INFO.</msg>
<status status="PASS" starttime="20220107 12:30:21.976" endtime="20220107 12:30:22.004"/>
</kw>
<kw name="Click Button" library="Selenium2Library">
<arg>submit-button</arg>
<doc>Clicks the button identified by ``locator``.</doc>
<msg timestamp="20220107 12:30:22.005" level="INFO">Clicking button 'submit-button'.</msg>
<status status="PASS" starttime="20220107 12:30:22.004" endtime="20220107 12:30:24.519"/>
</kw>
<kw name="Wait Until Page Contains" library="Selenium2Library">
<arg>Agent</arg>
<doc>Waits until ``text`` appears on the current page.</doc>
<status status="PASS" starttime="20220107 12:30:24.519" endtime="20220107 12:30:24.546"/>
</kw>
<status status="PASS" starttime="20220107 12:30:21.932" endtime="20220107 12:30:24.546"/>
</kw>
<kw name="Verifying Agents">
<arg>${key}</arg>
<doc>Verifying Agents...</doc>
<kw name="Get Element Count" library="Selenium2Library">
<var>${count}</var>
<arg>//strong[contains(text(), 'pending')]</arg>
<doc>Returns the number of elements matching ``locator``.</doc>
<msg timestamp="20220107 12:30:24.553" level="INFO">${count} = 9</msg>
<status status="PASS" starttime="20220107 12:30:24.547" endtime="20220107 12:30:24.553"/>
</kw>
<if>
<branch type="IF" condition="&quot;${count}&quot; &gt; &quot;0&quot;">
<kw name="Log To Console" library="BuiltIn">
<arg>\n Il y a ${count} agent(s) en état blocked/pending sur ${key}.</arg>
<doc>Logs the given message to the console.</doc>
<status status="PASS" starttime="20220107 12:30:24.554" endtime="20220107 12:30:24.554"/>
</kw>
<for flavor="IN RANGE">
<var>${INDEX}</var>
<value>${count}+1</value>
<iter>
<var name="${INDEX}">0</var>
<kw name="Continue For Loop If" library="BuiltIn">
<arg>'${INDEX}' == "0"</arg>
<doc>Skips the current for loop iteration if the ``condition`` is true.</doc>
<msg timestamp="20220107 12:30:24.555" level="INFO">Continuing for loop from the next iteration.</msg>
<status status="PASS" starttime="20220107 12:30:24.555" endtime="20220107 12:30:24.556"/>
</kw>
<status status="PASS" starttime="20220107 12:30:24.555" endtime="20220107 12:30:24.556"/>
</iter>
<iter>
<var name="${INDEX}">1</var>
<kw name="Continue For Loop If" library="BuiltIn">
<arg>'${INDEX}' == "0"</arg>
<doc>Skips the current for loop iteration if the ``condition`` is true.</doc>
<status status="PASS" starttime="20220107 12:30:24.556" endtime="20220107 12:30:24.557"/>
</kw>
<kw name="Run Keyword And Return Status" library="BuiltIn">
<var>${status}</var>
<arg>element should be visible</arg>
<arg>(//strong[contains(text(), 'pending')])[${INDEX}]//ancestor::ul</arg>
<doc>Runs the given keyword with given arguments and returns the status as a Boolean value.</doc>
<kw name="Element Should Be Visible" library="Selenium2Library">
<arg>(//strong[contains(text(), 'pending')])[${INDEX}]//ancestor::ul</arg>
<doc>Verifies that the element identified by ``locator`` is visible.</doc>
<msg timestamp="20220107 12:30:24.577" level="INFO">Element '(//strong[contains(text(), 'pending')])[1]//ancestor::ul' is displayed.</msg>
<status status="PASS" starttime="20220107 12:30:24.557" endtime="20220107 12:30:24.577"/>
</kw>
<msg timestamp="20220107 12:30:24.577" level="INFO">${status} = True</msg>
<status status="PASS" starttime="20220107 12:30:24.557" endtime="20220107 12:30:24.577"/>
</kw>
<kw name="Set Screenshot Directory" library="Selenium2Library">
<arg>C:\\Users\\aazouagh\\PycharmProjects\\RobotFramework\\Tests${/}..${/}Screenshots</arg>
<doc>Sets the directory for captured screenshots.</doc>
<status status="PASS" starttime="20220107 12:30:24.577" endtime="20220107 12:30:24.578"/>
</kw>
<kw name="Run Keyword If" library="BuiltIn">
<arg>${status}</arg>
<arg>capture element screenshot</arg>
<arg>(//strong[contains(text(), 'pending')])[${INDEX}]//ancestor::ul</arg>
<arg>filename=Erreur-${key}-${INDEX}.png</arg>
<doc>Runs the given keyword with the given arguments, if ``condition`` is true.</doc>
<kw name="Capture Element Screenshot" library="Selenium2Library">
<arg>(//strong[contains(text(), 'pending')])[${INDEX}]//ancestor::ul</arg>
<arg>filename=Erreur-${key}-${INDEX}.png</arg>
<doc>Captures a screenshot from the element identified by ``locator`` and embeds it into log file.</doc>
<msg timestamp="20220107 12:30:24.603" level="INFO" html="true">&lt;/td&gt;&lt;/tr&gt;&lt;tr&gt;&lt;td colspan="3"&gt;&lt;a href="../Screenshots/Erreur-INT-1.png"&gt;&lt;img src="../Screenshots/Erreur-INT-1.png" width="400px"&gt;&lt;/a&gt;</msg>
<status status="PASS" starttime="20220107 12:30:24.580" endtime="20220107 12:30:24.603"/>
</kw>
<status status="PASS" starttime="20220107 12:30:24.579" endtime="20220107 12:30:24.604"/>
</kw>
<status status="PASS" starttime="20220107 12:30:24.556" endtime="20220107 12:30:24.604"/>
</iter>
<iter>
<var name="${INDEX}">2</var>
<kw name="Continue For Loop If" library="BuiltIn">
<arg>'${INDEX}' == "0"</arg>
<doc>Skips the current for loop iteration if the ``condition`` is true.</doc>
<status status="PASS" starttime="20220107 12:30:24.605" endtime="20220107 12:30:24.605"/>
</kw>
<kw name="Run Keyword And Return Status" library="BuiltIn">
<var>${status}</var>
<arg>element should be visible</arg>
<arg>(//strong[contains(text(), 'pending')])[${INDEX}]//ancestor::ul</arg>
<doc>Runs the given keyword with given arguments and returns the status as a Boolean value.</doc>
<kw name="Element Should Be Visible" library="Selenium2Library">
<arg>(//strong[contains(text(), 'pending')])[${INDEX}]//ancestor::ul</arg>
<doc>Verifies that the element identified by ``locator`` is visible.</doc>
<msg timestamp="20220107 12:30:24.623" level="INFO">Element '(//strong[contains(text(), 'pending')])[2]//ancestor::ul' is displayed.</msg>
<status status="PASS" starttime="20220107 12:30:24.606" endtime="20220107 12:30:24.623"/>
</kw>
<msg timestamp="20220107 12:30:24.624" level="INFO">${status} = True</msg>
<status status="PASS" starttime="20220107 12:30:24.606" endtime="20220107 12:30:24.624"/>
</kw>
<kw name="Set Screenshot Directory" library="Selenium2Library">
<arg>C:\\Users\\aazouagh\\PycharmProjects\\RobotFramework\\Tests${/}..${/}Screenshots</arg>
<doc>Sets the directory for captured screenshots.</doc>
<status status="PASS" starttime="20220107 12:30:24.624" endtime="20220107 12:30:24.625"/>
</kw>
<kw name="Run Keyword If" library="BuiltIn">
<arg>${status}</arg>
<arg>capture element screenshot</arg>
<arg>(//strong[contains(text(), 'pending')])[${INDEX}]//ancestor::ul</arg>
<arg>filename=Erreur-${key}-${INDEX}.png</arg>
<doc>Runs the given keyword with the given arguments, if ``condition`` is true.</doc>
<kw name="Capture Element Screenshot" library="Selenium2Library">
<arg>(//strong[contains(text(), 'pending')])[${INDEX}]//ancestor::ul</arg>
<arg>filename=Erreur-${key}-${INDEX}.png</arg>
<doc>Captures a screenshot from the element identified by ``locator`` and embeds it into log file.</doc>
<msg timestamp="20220107 12:30:24.642" level="INFO" html="true">&lt;/td&gt;&lt;/tr&gt;&lt;tr&gt;&lt;td colspan="3"&gt;&lt;a href="../Screenshots/Erreur-INT-2.png"&gt;&lt;img src="../Screenshots/Erreur-INT-2.png" width="400px"&gt;&lt;/a&gt;</msg>
<status status="PASS" starttime="20220107 12:30:24.625" endtime="20220107 12:30:24.642"/>
</kw>
<status status="PASS" starttime="20220107 12:30:24.625" endtime="20220107 12:30:24.642"/>
</kw>
<status status="PASS" starttime="20220107 12:30:24.604" endtime="20220107 12:30:24.643"/>
</iter>
<iter>
<var name="${INDEX}">3</var>
<kw name="Continue For Loop If" library="BuiltIn">
<arg>'${INDEX}' == "0"</arg>
<doc>Skips the current for loop iteration if the ``condition`` is true.</doc>
<status status="PASS" starttime="20220107 12:30:24.643" endtime="20220107 12:30:24.644"/>
</kw>
<kw name="Run Keyword And Return Status" library="BuiltIn">
<var>${status}</var>
<arg>element should be visible</arg>
<arg>(//strong[contains(text(), 'pending')])[${INDEX}]//ancestor::ul</arg>
<doc>Runs the given keyword with given arguments and returns the status as a Boolean value.</doc>
<kw name="Element Should Be Visible" library="Selenium2Library">
<arg>(//strong[contains(text(), 'pending')])[${INDEX}]//ancestor::ul</arg>
<doc>Verifies that the element identified by ``locator`` is visible.</doc>
<msg timestamp="20220107 12:30:24.661" level="INFO">Element '(//strong[contains(text(), 'pending')])[3]//ancestor::ul' is displayed.</msg>
<status status="PASS" starttime="20220107 12:30:24.645" endtime="20220107 12:30:24.662"/>
</kw>
<msg timestamp="20220107 12:30:24.662" level="INFO">${status} = True</msg>
<status status="PASS" starttime="20220107 12:30:24.645" endtime="20220107 12:30:24.662"/>
</kw>
<kw name="Set Screenshot Directory" library="Selenium2Library">
<arg>C:\\Users\\aazouagh\\PycharmProjects\\RobotFramework\\Tests${/}..${/}Screenshots</arg>
<doc>Sets the directory for captured screenshots.</doc>
<status status="PASS" starttime="20220107 12:30:24.662" endtime="20220107 12:30:24.663"/>
</kw>
<kw name="Run Keyword If" library="BuiltIn">
<arg>${status}</arg>
<arg>capture element screenshot</arg>
<arg>(//strong[contains(text(), 'pending')])[${INDEX}]//ancestor::ul</arg>
<arg>filename=Erreur-${key}-${INDEX}.png</arg>
<doc>Runs the given keyword with the given arguments, if ``condition`` is true.</doc>
<kw name="Capture Element Screenshot" library="Selenium2Library">
<arg>(//strong[contains(text(), 'pending')])[${INDEX}]//ancestor::ul</arg>
<arg>filename=Erreur-${key}-${INDEX}.png</arg>
<doc>Captures a screenshot from the element identified by ``locator`` and embeds it into log file.</doc>
<msg timestamp="20220107 12:30:24.681" level="INFO" html="true">&lt;/td&gt;&lt;/tr&gt;&lt;tr&gt;&lt;td colspan="3"&gt;&lt;a href="../Screenshots/Erreur-INT-3.png"&gt;&lt;img src="../Screenshots/Erreur-INT-3.png" width="400px"&gt;&lt;/a&gt;</msg>
<status status="PASS" starttime="20220107 12:30:24.664" endtime="20220107 12:30:24.682"/>
</kw>
<status status="PASS" starttime="20220107 12:30:24.663" endtime="20220107 12:30:24.682"/>
</kw>
<status status="PASS" starttime="20220107 12:30:24.643" endtime="20220107 12:30:24.682"/>
</iter>
<iter>
<var name="${INDEX}">4</var>
<kw name="Continue For Loop If" library="BuiltIn">
<arg>'${INDEX}' == "0"</arg>
<doc>Skips the current for loop iteration if the ``condition`` is true.</doc>
<status status="PASS" starttime="20220107 12:30:24.682" endtime="20220107 12:30:24.682"/>
</kw>
<kw name="Run Keyword And Return Status" library="BuiltIn">
<var>${status}</var>
<arg>element should be visible</arg>
<arg>(//strong[contains(text(), 'pending')])[${INDEX}]//ancestor::ul</arg>
<doc>Runs the given keyword with given arguments and returns the status as a Boolean value.</doc>
<kw name="Element Should Be Visible" library="Selenium2Library">
<arg>(//strong[contains(text(), 'pending')])[${INDEX}]//ancestor::ul</arg>
<doc>Verifies that the element identified by ``locator`` is visible.</doc>
<msg timestamp="20220107 12:30:24.700" level="INFO">Element '(//strong[contains(text(), 'pending')])[4]//ancestor::ul' is displayed.</msg>
<status status="PASS" starttime="20220107 12:30:24.683" endtime="20220107 12:30:24.700"/>
</kw>
<msg timestamp="20220107 12:30:24.701" level="INFO">${status} = True</msg>
<status status="PASS" starttime="20220107 12:30:24.683" endtime="20220107 12:30:24.701"/>
</kw>
<kw name="Set Screenshot Directory" library="Selenium2Library">
<arg>C:\\Users\\aazouagh\\PycharmProjects\\RobotFramework\\Tests${/}..${/}Screenshots</arg>
<doc>Sets the directory for captured screenshots.</doc>
<status status="PASS" starttime="20220107 12:30:24.701" endtime="20220107 12:30:24.702"/>
</kw>
<kw name="Run Keyword If" library="BuiltIn">
<arg>${status}</arg>
<arg>capture element screenshot</arg>
<arg>(//strong[contains(text(), 'pending')])[${INDEX}]//ancestor::ul</arg>
<arg>filename=Erreur-${key}-${INDEX}.png</arg>
<doc>Runs the given keyword with the given arguments, if ``condition`` is true.</doc>
<kw name="Capture Element Screenshot" library="Selenium2Library">
<arg>(//strong[contains(text(), 'pending')])[${INDEX}]//ancestor::ul</arg>
<arg>filename=Erreur-${key}-${INDEX}.png</arg>
<doc>Captures a screenshot from the element identified by ``locator`` and embeds it into log file.</doc>
<msg timestamp="20220107 12:30:24.723" level="INFO" html="true">&lt;/td&gt;&lt;/tr&gt;&lt;tr&gt;&lt;td colspan="3"&gt;&lt;a href="../Screenshots/Erreur-INT-4.png"&gt;&lt;img src="../Screenshots/Erreur-INT-4.png" width="400px"&gt;&lt;/a&gt;</msg>
<status status="PASS" starttime="20220107 12:30:24.702" endtime="20220107 12:30:24.723"/>
</kw>
<status status="PASS" starttime="20220107 12:30:24.702" endtime="20220107 12:30:24.723"/>
</kw>
<status status="PASS" starttime="20220107 12:30:24.682" endtime="20220107 12:30:24.724"/>
</iter>
<iter>
<var name="${INDEX}">5</var>
<kw name="Continue For Loop If" library="BuiltIn">
<arg>'${INDEX}' == "0"</arg>
<doc>Skips the current for loop iteration if the ``condition`` is true.</doc>
<status status="PASS" starttime="20220107 12:30:24.724" endtime="20220107 12:30:24.724"/>
</kw>
<kw name="Run Keyword And Return Status" library="BuiltIn">
<var>${status}</var>
<arg>element should be visible</arg>
<arg>(//strong[contains(text(), 'pending')])[${INDEX}]//ancestor::ul</arg>
<doc>Runs the given keyword with given arguments and returns the status as a Boolean value.</doc>
<kw name="Element Should Be Visible" library="Selenium2Library">
<arg>(//strong[contains(text(), 'pending')])[${INDEX}]//ancestor::ul</arg>
<doc>Verifies that the element identified by ``locator`` is visible.</doc>
<msg timestamp="20220107 12:30:24.739" level="INFO">Element '(//strong[contains(text(), 'pending')])[5]//ancestor::ul' is displayed.</msg>
<status status="PASS" starttime="20220107 12:30:24.725" endtime="20220107 12:30:24.739"/>
</kw>
<msg timestamp="20220107 12:30:24.739" level="INFO">${status} = True</msg>
<status status="PASS" starttime="20220107 12:30:24.725" endtime="20220107 12:30:24.739"/>
</kw>
<kw name="Set Screenshot Directory" library="Selenium2Library">
<arg>C:\\Users\\aazouagh\\PycharmProjects\\RobotFramework\\Tests${/}..${/}Screenshots</arg>
<doc>Sets the directory for captured screenshots.</doc>
<status status="PASS" starttime="20220107 12:30:24.739" endtime="20220107 12:30:24.740"/>
</kw>
<kw name="Run Keyword If" library="BuiltIn">
<arg>${status}</arg>
<arg>capture element screenshot</arg>
<arg>(//strong[contains(text(), 'pending')])[${INDEX}]//ancestor::ul</arg>
<arg>filename=Erreur-${key}-${INDEX}.png</arg>
<doc>Runs the given keyword with the given arguments, if ``condition`` is true.</doc>
<kw name="Capture Element Screenshot" library="Selenium2Library">
<arg>(//strong[contains(text(), 'pending')])[${INDEX}]//ancestor::ul</arg>
<arg>filename=Erreur-${key}-${INDEX}.png</arg>
<doc>Captures a screenshot from the element identified by ``locator`` and embeds it into log file.</doc>
<msg timestamp="20220107 12:30:24.758" level="INFO" html="true">&lt;/td&gt;&lt;/tr&gt;&lt;tr&gt;&lt;td colspan="3"&gt;&lt;a href="../Screenshots/Erreur-INT-5.png"&gt;&lt;img src="../Screenshots/Erreur-INT-5.png" width="400px"&gt;&lt;/a&gt;</msg>
<status status="PASS" starttime="20220107 12:30:24.741" endtime="20220107 12:30:24.758"/>
</kw>
<status status="PASS" starttime="20220107 12:30:24.740" endtime="20220107 12:30:24.759"/>
</kw>
<status status="PASS" starttime="20220107 12:30:24.724" endtime="20220107 12:30:24.759"/>
</iter>
<iter>
<var name="${INDEX}">6</var>
<kw name="Continue For Loop If" library="BuiltIn">
<arg>'${INDEX}' == "0"</arg>
<doc>Skips the current for loop iteration if the ``condition`` is true.</doc>
<status status="PASS" starttime="20220107 12:30:24.759" endtime="20220107 12:30:24.760"/>
</kw>
<kw name="Run Keyword And Return Status" library="BuiltIn">
<var>${status}</var>
<arg>element should be visible</arg>
<arg>(//strong[contains(text(), 'pending')])[${INDEX}]//ancestor::ul</arg>
<doc>Runs the given keyword with given arguments and returns the status as a Boolean value.</doc>
<kw name="Element Should Be Visible" library="Selenium2Library">
<arg>(//strong[contains(text(), 'pending')])[${INDEX}]//ancestor::ul</arg>
<doc>Verifies that the element identified by ``locator`` is visible.</doc>
<msg timestamp="20220107 12:30:24.791" level="INFO">Element '(//strong[contains(text(), 'pending')])[6]//ancestor::ul' is displayed.</msg>
<status status="PASS" starttime="20220107 12:30:24.760" endtime="20220107 12:30:24.791"/>
</kw>
<msg timestamp="20220107 12:30:24.791" level="INFO">${status} = True</msg>
<status status="PASS" starttime="20220107 12:30:24.760" endtime="20220107 12:30:24.791"/>
</kw>
<kw name="Set Screenshot Directory" library="Selenium2Library">
<arg>C:\\Users\\aazouagh\\PycharmProjects\\RobotFramework\\Tests${/}..${/}Screenshots</arg>
<doc>Sets the directory for captured screenshots.</doc>
<status status="PASS" starttime="20220107 12:30:24.791" endtime="20220107 12:30:24.792"/>
</kw>
<kw name="Run Keyword If" library="BuiltIn">
<arg>${status}</arg>
<arg>capture element screenshot</arg>
<arg>(//strong[contains(text(), 'pending')])[${INDEX}]//ancestor::ul</arg>
<arg>filename=Erreur-${key}-${INDEX}.png</arg>
<doc>Runs the given keyword with the given arguments, if ``condition`` is true.</doc>
<kw name="Capture Element Screenshot" library="Selenium2Library">
<arg>(//strong[contains(text(), 'pending')])[${INDEX}]//ancestor::ul</arg>
<arg>filename=Erreur-${key}-${INDEX}.png</arg>
<doc>Captures a screenshot from the element identified by ``locator`` and embeds it into log file.</doc>
<msg timestamp="20220107 12:30:24.823" level="INFO" html="true">&lt;/td&gt;&lt;/tr&gt;&lt;tr&gt;&lt;td colspan="3"&gt;&lt;a href="../Screenshots/Erreur-INT-6.png"&gt;&lt;img src="../Screenshots/Erreur-INT-6.png" width="400px"&gt;&lt;/a&gt;</msg>
<status status="PASS" starttime="20220107 12:30:24.793" endtime="20220107 12:30:24.823"/>
</kw>
<status status="PASS" starttime="20220107 12:30:24.792" endtime="20220107 12:30:24.823"/>
</kw>
<status status="PASS" starttime="20220107 12:30:24.759" endtime="20220107 12:30:24.823"/>
</iter>
<iter>
<var name="${INDEX}">7</var>
<kw name="Continue For Loop If" library="BuiltIn">
<arg>'${INDEX}' == "0"</arg>
<doc>Skips the current for loop iteration if the ``condition`` is true.</doc>
<status status="PASS" starttime="20220107 12:30:24.824" endtime="20220107 12:30:24.825"/>
</kw>
<kw name="Run Keyword And Return Status" library="BuiltIn">
<var>${status}</var>
<arg>element should be visible</arg>
<arg>(//strong[contains(text(), 'pending')])[${INDEX}]//ancestor::ul</arg>
<doc>Runs the given keyword with given arguments and returns the status as a Boolean value.</doc>
<kw name="Element Should Be Visible" library="Selenium2Library">
<arg>(//strong[contains(text(), 'pending')])[${INDEX}]//ancestor::ul</arg>
<doc>Verifies that the element identified by ``locator`` is visible.</doc>
<msg timestamp="20220107 12:30:24.842" level="INFO">Element '(//strong[contains(text(), 'pending')])[7]//ancestor::ul' is displayed.</msg>
<status status="PASS" starttime="20220107 12:30:24.825" endtime="20220107 12:30:24.842"/>
</kw>
<msg timestamp="20220107 12:30:24.842" level="INFO">${status} = True</msg>
<status status="PASS" starttime="20220107 12:30:24.825" endtime="20220107 12:30:24.842"/>
</kw>
<kw name="Set Screenshot Directory" library="Selenium2Library">
<arg>C:\\Users\\aazouagh\\PycharmProjects\\RobotFramework\\Tests${/}..${/}Screenshots</arg>
<doc>Sets the directory for captured screenshots.</doc>
<status status="PASS" starttime="20220107 12:30:24.843" endtime="20220107 12:30:24.843"/>
</kw>
<kw name="Run Keyword If" library="BuiltIn">
<arg>${status}</arg>
<arg>capture element screenshot</arg>
<arg>(//strong[contains(text(), 'pending')])[${INDEX}]//ancestor::ul</arg>
<arg>filename=Erreur-${key}-${INDEX}.png</arg>
<doc>Runs the given keyword with the given arguments, if ``condition`` is true.</doc>
<kw name="Capture Element Screenshot" library="Selenium2Library">
<arg>(//strong[contains(text(), 'pending')])[${INDEX}]//ancestor::ul</arg>
<arg>filename=Erreur-${key}-${INDEX}.png</arg>
<doc>Captures a screenshot from the element identified by ``locator`` and embeds it into log file.</doc>
<msg timestamp="20220107 12:30:24.868" level="INFO" html="true">&lt;/td&gt;&lt;/tr&gt;&lt;tr&gt;&lt;td colspan="3"&gt;&lt;a href="../Screenshots/Erreur-INT-7.png"&gt;&lt;img src="../Screenshots/Erreur-INT-7.png" width="400px"&gt;&lt;/a&gt;</msg>
<status status="PASS" starttime="20220107 12:30:24.844" endtime="20220107 12:30:24.868"/>
</kw>
<status status="PASS" starttime="20220107 12:30:24.844" endtime="20220107 12:30:24.868"/>
</kw>
<status status="PASS" starttime="20220107 12:30:24.824" endtime="20220107 12:30:24.869"/>
</iter>
<iter>
<var name="${INDEX}">8</var>
<kw name="Continue For Loop If" library="BuiltIn">
<arg>'${INDEX}' == "0"</arg>
<doc>Skips the current for loop iteration if the ``condition`` is true.</doc>
<status status="PASS" starttime="20220107 12:30:24.869" endtime="20220107 12:30:24.869"/>
</kw>
<kw name="Run Keyword And Return Status" library="BuiltIn">
<var>${status}</var>
<arg>element should be visible</arg>
<arg>(//strong[contains(text(), 'pending')])[${INDEX}]//ancestor::ul</arg>
<doc>Runs the given keyword with given arguments and returns the status as a Boolean value.</doc>
<kw name="Element Should Be Visible" library="Selenium2Library">
<arg>(//strong[contains(text(), 'pending')])[${INDEX}]//ancestor::ul</arg>
<doc>Verifies that the element identified by ``locator`` is visible.</doc>
<msg timestamp="20220107 12:30:24.890" level="INFO">Element '(//strong[contains(text(), 'pending')])[8]//ancestor::ul' is displayed.</msg>
<status status="PASS" starttime="20220107 12:30:24.870" endtime="20220107 12:30:24.890"/>
</kw>
<msg timestamp="20220107 12:30:24.890" level="INFO">${status} = True</msg>
<status status="PASS" starttime="20220107 12:30:24.869" endtime="20220107 12:30:24.890"/>
</kw>
<kw name="Set Screenshot Directory" library="Selenium2Library">
<arg>C:\\Users\\aazouagh\\PycharmProjects\\RobotFramework\\Tests${/}..${/}Screenshots</arg>
<doc>Sets the directory for captured screenshots.</doc>
<status status="PASS" starttime="20220107 12:30:24.890" endtime="20220107 12:30:24.891"/>
</kw>
<kw name="Run Keyword If" library="BuiltIn">
<arg>${status}</arg>
<arg>capture element screenshot</arg>
<arg>(//strong[contains(text(), 'pending')])[${INDEX}]//ancestor::ul</arg>
<arg>filename=Erreur-${key}-${INDEX}.png</arg>
<doc>Runs the given keyword with the given arguments, if ``condition`` is true.</doc>
<kw name="Capture Element Screenshot" library="Selenium2Library">
<arg>(//strong[contains(text(), 'pending')])[${INDEX}]//ancestor::ul</arg>
<arg>filename=Erreur-${key}-${INDEX}.png</arg>
<doc>Captures a screenshot from the element identified by ``locator`` and embeds it into log file.</doc>
<msg timestamp="20220107 12:30:24.917" level="INFO" html="true">&lt;/td&gt;&lt;/tr&gt;&lt;tr&gt;&lt;td colspan="3"&gt;&lt;a href="../Screenshots/Erreur-INT-8.png"&gt;&lt;img src="../Screenshots/Erreur-INT-8.png" width="400px"&gt;&lt;/a&gt;</msg>
<status status="PASS" starttime="20220107 12:30:24.892" endtime="20220107 12:30:24.917"/>
</kw>
<status status="PASS" starttime="20220107 12:30:24.891" endtime="20220107 12:30:24.917"/>
</kw>
<status status="PASS" starttime="20220107 12:30:24.869" endtime="20220107 12:30:24.918"/>
</iter>
<iter>
<var name="${INDEX}">9</var>
<kw name="Continue For Loop If" library="BuiltIn">
<arg>'${INDEX}' == "0"</arg>
<doc>Skips the current for loop iteration if the ``condition`` is true.</doc>
<status status="PASS" starttime="20220107 12:30:24.918" endtime="20220107 12:30:24.919"/>
</kw>
<kw name="Run Keyword And Return Status" library="BuiltIn">
<var>${status}</var>
<arg>element should be visible</arg>
<arg>(//strong[contains(text(), 'pending')])[${INDEX}]//ancestor::ul</arg>
<doc>Runs the given keyword with given arguments and returns the status as a Boolean value.</doc>
<kw name="Element Should Be Visible" library="Selenium2Library">
<arg>(//strong[contains(text(), 'pending')])[${INDEX}]//ancestor::ul</arg>
<doc>Verifies that the element identified by ``locator`` is visible.</doc>
<msg timestamp="20220107 12:30:24.939" level="INFO">Element '(//strong[contains(text(), 'pending')])[9]//ancestor::ul' is displayed.</msg>
<status status="PASS" starttime="20220107 12:30:24.920" endtime="20220107 12:30:24.939"/>
</kw>
<msg timestamp="20220107 12:30:24.940" level="INFO">${status} = True</msg>
<status status="PASS" starttime="20220107 12:30:24.919" endtime="20220107 12:30:24.940"/>
</kw>
<kw name="Set Screenshot Directory" library="Selenium2Library">
<arg>C:\\Users\\aazouagh\\PycharmProjects\\RobotFramework\\Tests${/}..${/}Screenshots</arg>
<doc>Sets the directory for captured screenshots.</doc>
<status status="PASS" starttime="20220107 12:30:24.940" endtime="20220107 12:30:24.940"/>
</kw>
<kw name="Run Keyword If" library="BuiltIn">
<arg>${status}</arg>
<arg>capture element screenshot</arg>
<arg>(//strong[contains(text(), 'pending')])[${INDEX}]//ancestor::ul</arg>
<arg>filename=Erreur-${key}-${INDEX}.png</arg>
<doc>Runs the given keyword with the given arguments, if ``condition`` is true.</doc>
<kw name="Capture Element Screenshot" library="Selenium2Library">
<arg>(//strong[contains(text(), 'pending')])[${INDEX}]//ancestor::ul</arg>
<arg>filename=Erreur-${key}-${INDEX}.png</arg>
<doc>Captures a screenshot from the element identified by ``locator`` and embeds it into log file.</doc>
<msg timestamp="20220107 12:30:24.958" level="INFO" html="true">&lt;/td&gt;&lt;/tr&gt;&lt;tr&gt;&lt;td colspan="3"&gt;&lt;a href="../Screenshots/Erreur-INT-9.png"&gt;&lt;img src="../Screenshots/Erreur-INT-9.png" width="400px"&gt;&lt;/a&gt;</msg>
<status status="PASS" starttime="20220107 12:30:24.941" endtime="20220107 12:30:24.958"/>
</kw>
<status status="PASS" starttime="20220107 12:30:24.940" endtime="20220107 12:30:24.958"/>
</kw>
<status status="PASS" starttime="20220107 12:30:24.918" endtime="20220107 12:30:24.958"/>
</iter>
<status status="PASS" starttime="20220107 12:30:24.555" endtime="20220107 12:30:24.959"/>
</for>
<kw name="Create List" library="BuiltIn">
<var>@{ATTACHMENTS}</var>
<doc>Returns a list containing given items.</doc>
<msg timestamp="20220107 12:30:24.959" level="INFO">@{ATTACHMENTS} = [ ]</msg>
<status status="PASS" starttime="20220107 12:30:24.959" endtime="20220107 12:30:24.959"/>
</kw>
<for flavor="IN RANGE">
<var>${i}</var>
<value>${count}+1</value>
<iter>
<var name="${i}">0</var>
<kw name="Continue For Loop If" library="BuiltIn">
<arg>'${i}' == "0"</arg>
<doc>Skips the current for loop iteration if the ``condition`` is true.</doc>
<msg timestamp="20220107 12:30:24.960" level="INFO">Continuing for loop from the next iteration.</msg>
<status status="PASS" starttime="20220107 12:30:24.959" endtime="20220107 12:30:24.960"/>
</kw>
<status status="PASS" starttime="20220107 12:30:24.959" endtime="20220107 12:30:24.961"/>
</iter>
<iter>
<var name="${i}">1</var>
<kw name="Continue For Loop If" library="BuiltIn">
<arg>'${i}' == "0"</arg>
<doc>Skips the current for loop iteration if the ``condition`` is true.</doc>
<status status="PASS" starttime="20220107 12:30:24.961" endtime="20220107 12:30:24.961"/>
</kw>
<kw name="Append To List" library="Collections">
<arg>${ATTACHMENTS}</arg>
<arg>C:\\Users\\aazouagh\\PycharmProjects\\RobotFramework\\Tests${/}..${/}Screenshots${/}Erreur-${key}-${i}.png</arg>
<doc>Adds ``values`` to the end of ``list``.</doc>
<status status="PASS" starttime="20220107 12:30:24.961" endtime="20220107 12:30:24.962"/>
</kw>
<status status="PASS" starttime="20220107 12:30:24.961" endtime="20220107 12:30:24.962"/>
</iter>
<iter>
<var name="${i}">2</var>
<kw name="Continue For Loop If" library="BuiltIn">
<arg>'${i}' == "0"</arg>
<doc>Skips the current for loop iteration if the ``condition`` is true.</doc>
<status status="PASS" starttime="20220107 12:30:24.962" endtime="20220107 12:30:24.963"/>
</kw>
<kw name="Append To List" library="Collections">
<arg>${ATTACHMENTS}</arg>
<arg>C:\\Users\\aazouagh\\PycharmProjects\\RobotFramework\\Tests${/}..${/}Screenshots${/}Erreur-${key}-${i}.png</arg>
<doc>Adds ``values`` to the end of ``list``.</doc>
<status status="PASS" starttime="20220107 12:30:24.963" endtime="20220107 12:30:24.963"/>
</kw>
<status status="PASS" starttime="20220107 12:30:24.962" endtime="20220107 12:30:24.963"/>
</iter>
<iter>
<var name="${i}">3</var>
<kw name="Continue For Loop If" library="BuiltIn">
<arg>'${i}' == "0"</arg>
<doc>Skips the current for loop iteration if the ``condition`` is true.</doc>
<status status="PASS" starttime="20220107 12:30:24.964" endtime="20220107 12:30:24.964"/>
</kw>
<kw name="Append To List" library="Collections">
<arg>${ATTACHMENTS}</arg>
<arg>C:\\Users\\aazouagh\\PycharmProjects\\RobotFramework\\Tests${/}..${/}Screenshots${/}Erreur-${key}-${i}.png</arg>
<doc>Adds ``values`` to the end of ``list``.</doc>
<status status="PASS" starttime="20220107 12:30:24.964" endtime="20220107 12:30:24.964"/>
</kw>
<status status="PASS" starttime="20220107 12:30:24.963" endtime="20220107 12:30:24.964"/>
</iter>
<iter>
<var name="${i}">4</var>
<kw name="Continue For Loop If" library="BuiltIn">
<arg>'${i}' == "0"</arg>
<doc>Skips the current for loop iteration if the ``condition`` is true.</doc>
<status status="PASS" starttime="20220107 12:30:24.965" endtime="20220107 12:30:24.965"/>
</kw>
<kw name="Append To List" library="Collections">
<arg>${ATTACHMENTS}</arg>
<arg>C:\\Users\\aazouagh\\PycharmProjects\\RobotFramework\\Tests${/}..${/}Screenshots${/}Erreur-${key}-${i}.png</arg>
<doc>Adds ``values`` to the end of ``list``.</doc>
<status status="PASS" starttime="20220107 12:30:24.965" endtime="20220107 12:30:24.966"/>
</kw>
<status status="PASS" starttime="20220107 12:30:24.965" endtime="20220107 12:30:24.966"/>
</iter>
<iter>
<var name="${i}">5</var>
<kw name="Continue For Loop If" library="BuiltIn">
<arg>'${i}' == "0"</arg>
<doc>Skips the current for loop iteration if the ``condition`` is true.</doc>
<status status="PASS" starttime="20220107 12:30:24.966" endtime="20220107 12:30:24.966"/>
</kw>
<kw name="Append To List" library="Collections">
<arg>${ATTACHMENTS}</arg>
<arg>C:\\Users\\aazouagh\\PycharmProjects\\RobotFramework\\Tests${/}..${/}Screenshots${/}Erreur-${key}-${i}.png</arg>
<doc>Adds ``values`` to the end of ``list``.</doc>
<status status="PASS" starttime="20220107 12:30:24.967" endtime="20220107 12:30:24.967"/>
</kw>
<status status="PASS" starttime="20220107 12:30:24.966" endtime="20220107 12:30:24.967"/>
</iter>
<iter>
<var name="${i}">6</var>
<kw name="Continue For Loop If" library="BuiltIn">
<arg>'${i}' == "0"</arg>
<doc>Skips the current for loop iteration if the ``condition`` is true.</doc>
<status status="PASS" starttime="20220107 12:30:24.967" endtime="20220107 12:30:24.968"/>
</kw>
<kw name="Append To List" library="Collections">
<arg>${ATTACHMENTS}</arg>
<arg>C:\\Users\\aazouagh\\PycharmProjects\\RobotFramework\\Tests${/}..${/}Screenshots${/}Erreur-${key}-${i}.png</arg>
<doc>Adds ``values`` to the end of ``list``.</doc>
<status status="PASS" starttime="20220107 12:30:24.968" endtime="20220107 12:30:24.968"/>
</kw>
<status status="PASS" starttime="20220107 12:30:24.967" endtime="20220107 12:30:24.968"/>
</iter>
<iter>
<var name="${i}">7</var>
<kw name="Continue For Loop If" library="BuiltIn">
<arg>'${i}' == "0"</arg>
<doc>Skips the current for loop iteration if the ``condition`` is true.</doc>
<status status="PASS" starttime="20220107 12:30:24.969" endtime="20220107 12:30:24.969"/>
</kw>
<kw name="Append To List" library="Collections">
<arg>${ATTACHMENTS}</arg>
<arg>C:\\Users\\aazouagh\\PycharmProjects\\RobotFramework\\Tests${/}..${/}Screenshots${/}Erreur-${key}-${i}.png</arg>
<doc>Adds ``values`` to the end of ``list``.</doc>
<status status="PASS" starttime="20220107 12:30:24.970" endtime="20220107 12:30:24.970"/>
</kw>
<status status="PASS" starttime="20220107 12:30:24.968" endtime="20220107 12:30:24.970"/>
</iter>
<iter>
<var name="${i}">8</var>
<kw name="Continue For Loop If" library="BuiltIn">
<arg>'${i}' == "0"</arg>
<doc>Skips the current for loop iteration if the ``condition`` is true.</doc>
<status status="PASS" starttime="20220107 12:30:24.970" endtime="20220107 12:30:24.971"/>
</kw>
<kw name="Append To List" library="Collections">
<arg>${ATTACHMENTS}</arg>
<arg>C:\\Users\\aazouagh\\PycharmProjects\\RobotFramework\\Tests${/}..${/}Screenshots${/}Erreur-${key}-${i}.png</arg>
<doc>Adds ``values`` to the end of ``list``.</doc>
<status status="PASS" starttime="20220107 12:30:24.971" endtime="20220107 12:30:24.971"/>
</kw>
<status status="PASS" starttime="20220107 12:30:24.970" endtime="20220107 12:30:24.972"/>
</iter>
<iter>
<var name="${i}">9</var>
<kw name="Continue For Loop If" library="BuiltIn">
<arg>'${i}' == "0"</arg>
<doc>Skips the current for loop iteration if the ``condition`` is true.</doc>
<status status="PASS" starttime="20220107 12:30:24.972" endtime="20220107 12:30:24.972"/>
</kw>
<kw name="Append To List" library="Collections">
<arg>${ATTACHMENTS}</arg>
<arg>C:\\Users\\aazouagh\\PycharmProjects\\RobotFramework\\Tests${/}..${/}Screenshots${/}Erreur-${key}-${i}.png</arg>
<doc>Adds ``values`` to the end of ``list``.</doc>
<status status="PASS" starttime="20220107 12:30:24.972" endtime="20220107 12:30:24.973"/>
</kw>
<status status="PASS" starttime="20220107 12:30:24.972" endtime="20220107 12:30:24.973"/>
</iter>
<status status="PASS" starttime="20220107 12:30:24.959" endtime="20220107 12:30:24.973"/>
</for>
<kw name="Authorize" library="RPA.Email.ImapSmtp">
<arg>account=${USERNAME}</arg>
<arg>password=${PASSWORD}</arg>
<doc>Authorize user to SMTP and IMAP servers.</doc>
<msg timestamp="20220107 12:30:24.973" level="INFO">Protecting keyword: RPA.Email.ImapSmtp.Authorize</msg>
<msg timestamp="20220107 12:30:26.060" level="INFO">Log level changed from NONE to INFO.</msg>
<status status="PASS" starttime="20220107 12:30:24.973" endtime="20220107 12:30:26.060"/>
</kw>
<kw name="Send Message" library="RPA.Email.ImapSmtp">
<arg>sender=${USERNAME}</arg>
<arg>recipients=${RECIPIENTS}</arg>
<arg>subject=Problème Check Flush AEM sur ${key}</arg>
<arg>body=Bonjour,\n\nOn tient à vous informer qu’on a détecté ${count} traitement(s) en états Blocked/Pending.\n\nMerci de voir les PJs.</arg>
<arg>attachments=@{ATTACHMENTS}</arg>
<doc>Send SMTP email</doc>
<status status="PASS" starttime="20220107 12:30:26.061" endtime="20220107 12:30:26.807"/>
</kw>
<status status="PASS" starttime="20220107 12:30:24.553" endtime="20220107 12:30:26.807"/>
</branch>
<status status="PASS" starttime="20220107 12:30:24.553" endtime="20220107 12:30:26.807"/>
</if>
<kw name="Close Browser" library="Selenium2Library">
<doc>Closes the current browser.</doc>
<status status="PASS" starttime="20220107 12:30:26.808" endtime="20220107 12:30:27.714"/>
</kw>
<status status="PASS" starttime="20220107 12:30:24.547" endtime="20220107 12:30:27.714"/>
</kw>
<status status="PASS" starttime="20220107 12:30:14.371" endtime="20220107 12:30:27.714"/>
</iter>
<iter>
<var name="${key}">ACC</var>
<kw name="Opening Browser">
<arg>${urls["${key}"]}</arg>
<doc>Opening Browser...</doc>
<kw name="Open Browser" library="Selenium2Library">
<arg>${key}</arg>
<arg>${BROWSER}</arg>
<doc>Opens a new browser instance to the optional ``url``.</doc>
<msg timestamp="20220107 12:30:27.716" level="INFO">Opening browser 'Firefox' to base url 'http://aem-author-64-acc-private1.aws.dmpa-noprod.myengie.com:4502/libs/granite/core/content/login.html?resource=%2Fetc%2Freplication%2Fagents.author.html&amp;$$login$$=%24%24login%24%24&amp;j_reason=unknown&amp;j_reason_code=unknown'.</msg>
<msg timestamp="20220107 12:30:27.722" level="INFO">Firefox driver log is always forced to to: C:\Users\aazouagh\PycharmProjects\RobotFramework\results\geckodriver-136.log</msg>
<kw name="Capture Page Screenshot" library="Selenium2Library">
<doc>Takes a screenshot of the current page and embeds it into a log file.</doc>
<msg timestamp="20220107 12:30:35.297" level="INFO">Cannot capture screenshot because no browser is open.</msg>
<status status="PASS" starttime="20220107 12:30:35.297" endtime="20220107 12:30:35.297"/>
</kw>
<msg timestamp="20220107 12:30:35.305" level="FAIL">WebDriverException: Message: Process unexpectedly closed with status 0
</msg>
<status status="FAIL" starttime="20220107 12:30:27.715" endtime="20220107 12:30:35.305"/>
</kw>
<kw name="Maximize Browser Window" library="Selenium2Library">
<doc>Maximizes current browser window.</doc>
<status status="NOT RUN" starttime="20220107 12:30:35.305" endtime="20220107 12:30:35.305"/>
</kw>
<status status="FAIL" starttime="20220107 12:30:27.715" endtime="20220107 12:30:35.306"/>
</kw>
<kw name="Authenticating">
<doc>Authenticating...</doc>
<status status="NOT RUN" starttime="20220107 12:30:35.306" endtime="20220107 12:30:35.306"/>
</kw>
<kw name="Verifying Agents">
<arg>${key}</arg>
<doc>Verifying Agents...</doc>
<status status="NOT RUN" starttime="20220107 12:30:35.306" endtime="20220107 12:30:35.306"/>
</kw>
<status status="FAIL" starttime="20220107 12:30:27.715" endtime="20220107 12:30:35.306"/>
</iter>
<status status="FAIL" starttime="20220107 12:30:01.042" endtime="20220107 12:30:35.307"/>
</for>
<status status="FAIL" starttime="20220107 12:30:01.039" endtime="20220107 12:30:35.308">WebDriverException: Message: Process unexpectedly closed with status 0
</status>
</test>
<doc>Check Flush AEM</doc>
<status status="FAIL" starttime="20220107 12:30:00.615" endtime="20220107 12:30:35.310"/>
</suite>
<statistics>
<total>
<stat pass="0" fail="1" skip="0">All Tests</stat>
</total>
<tag>
</tag>
<suite>
<stat pass="0" fail="1" skip="0" id="s1" name="OptimizingKeywords">OptimizingKeywords</stat>
</suite>
</statistics>
<errors>
</errors>
</robot>
